{"/media/atthew-dev/ssd/www/frontend/React-til/src/features/product/hooks/useProducts.ts": {"path":"/media/atthew-dev/ssd/www/frontend/React-til/src/features/product/hooks/useProducts.ts","statementMap":{"0":{"start":{"line":4,"column":6},"end":{"line":23,"column":null}},"1":{"start":{"line":5,"column":19},"end":{"line":5,"column":57}},"2":{"start":{"line":6,"column":18},"end":{"line":6,"column":47}},"3":{"start":{"line":8,"column":2},"end":{"line":21,"column":null}},"4":{"start":{"line":9,"column":25},"end":{"line":17,"column":null}},"5":{"start":{"line":10,"column":6},"end":{"line":17,"column":null}},"6":{"start":{"line":11,"column":25},"end":{"line":11,"column":52}},"7":{"start":{"line":12,"column":21},"end":{"line":12,"column":42}},"8":{"start":{"line":13,"column":8},"end":{"line":13,"column":null}},"9":{"start":{"line":15,"column":8},"end":{"line":15,"column":null}},"10":{"start":{"line":17,"column":8},"end":{"line":17,"column":null}},"11":{"start":{"line":20,"column":4},"end":{"line":20,"column":null}},"12":{"start":{"line":23,"column":2},"end":{"line":23,"column":null}}},"fnMap":{"0":{"name":"(anonymous_0)","decl":{"start":{"line":4,"column":6},"end":{"line":4,"column":26}},"loc":{"start":{"line":4,"column":26},"end":{"line":23,"column":null}},"line":4},"1":{"name":"(anonymous_1)","decl":{"start":{"line":8,"column":2},"end":{"line":8,"column":18}},"loc":{"start":{"line":8,"column":18},"end":{"line":21,"column":7}},"line":8},"2":{"name":"(anonymous_2)","decl":{"start":{"line":9,"column":25},"end":{"line":9,"column":37}},"loc":{"start":{"line":9,"column":37},"end":{"line":17,"column":null}},"line":9}},"branchMap":{},"s":{"0":1,"1":1,"2":1,"3":1,"4":1,"5":1,"6":1,"7":0,"8":0,"9":1,"10":1,"11":1,"12":1},"f":{"0":1,"1":1,"2":1},"b":{},"meta":{"lastBranch":0,"lastFunction":3,"lastStatement":13,"seen":{"s:4:6:23:Infinity":0,"f:4:6:4:26":0,"s:5:19:5:57":1,"s:6:18:6:47":2,"s:8:2:21:Infinity":3,"f:8:2:8:18":1,"s:9:25:17:Infinity":4,"f:9:25:9:37":2,"s:10:6:17:Infinity":5,"s:11:25:11:52":6,"s:12:21:12:42":7,"s:13:8:13:Infinity":8,"s:15:8:15:Infinity":9,"s:17:8:17:Infinity":10,"s:20:4:20:Infinity":11,"s:23:2:23:Infinity":12}}}
}
